<?xml version="1.0" encoding="UTF-8"?>
<testsuite name="Join To Day" tests="1" skipped="0" failures="0" errors="0" timestamp="2021-06-10T08:51:29" hostname="LAPTOP-98M5F7CQ" time="44.823">
  <properties/>
  <testcase name="Search for register" classname="Join To Day" time="44.823"/>
  <system-out><![CDATA[]]></system-out>
  <system-err><![CDATA[[Test worker] WARN net.thucydides.core.steps.BaseStepListener - stepStarted: net.thucydides.core.steps.ExecutedStepDescription@23880cc5
[Test worker] WARN net.thucydides.core.steps.BaseStepListener - stepStarted: net.thucydides.core.steps.ExecutedStepDescription@7a4b495b
[Test worker] WARN net.thucydides.core.steps.BaseStepListener - stepStarted: net.thucydides.core.steps.ExecutedStepDescription@33e0de24
jun 10, 2021 3:51:30 AM org.openqa.selenium.remote.DesiredCapabilities chrome
INFORMACIÓN: Using `new ChromeOptions()` is preferred to `DesiredCapabilities.chrome()`
[Test worker] INFO net.serenitybdd.core.webdriver.driverproviders.ProvideNewDriver - Instantiating driver
[Test worker] INFO net.serenitybdd.core.webdriver.driverproviders.ProvideNewDriver - Driver capabilities: Capabilities {acceptInsecureCerts: false, browserName: chrome, chrome.switches: --start-maximized, goog:chromeOptions: {args: [--start-maximized], extensions: []}, loggingPrefs: org.openqa.selenium.logging..., platform: ANY, version: }
Starting ChromeDriver 91.0.4472.19 (1bf021f248676a0b2ab3ee0561d83a59e424c23e-refs/branch-heads/4472@{#288}) on port 28142
Only local connections are allowed.
Please see https://chromedriver.chromium.org/security-considerations for suggestions on keeping ChromeDriver safe.
ChromeDriver was started successfully.
jun 10, 2021 3:51:34 AM org.openqa.selenium.remote.ProtocolHandshake createSession
INFORMACIÓN: Detected dialect: W3C
[Test worker] WARN net.thucydides.core.steps.BaseStepListener - stepFinished: current outcome:Search for register:Given than erika wants to join world is largest community of testers
| Register | [Erika open up [Erika opens the Join to day academy page]]
[Test worker] WARN net.thucydides.core.steps.BaseStepListener - stepFinished: current outcome:Search for register:Given than erika wants to join world is largest community of testers
| Register | [Erika open up [Erika opens the Join to day academy page]]
[Test worker] WARN net.thucydides.core.steps.BaseStepListener - stepStarted: net.thucydides.core.steps.ExecutedStepDescription@49df7d20
[Test worker] WARN net.thucydides.core.steps.BaseStepListener - stepStarted: net.thucydides.core.steps.ExecutedStepDescription@5b041da
[Test worker] WARN net.thucydides.core.steps.BaseStepListener - stepFinished: current outcome:Search for register:Given than erika wants to join world is largest community of testers
| Register | [Erika open up [Erika opens the Join to day academy page], Erika login [Erika clicks on button that shows us the form to login]]
[Test worker] WARN net.thucydides.core.steps.BaseStepListener - stepFinished: current outcome:Search for register:Given than erika wants to join world is largest community of testers
| Register | [Erika open up [Erika opens the Join to day academy page], Erika login [Erika clicks on button that shows us the form to login]]
[Test worker] WARN net.thucydides.core.steps.BaseStepListener - stepFinished: current outcome:Search for register:Given than erika wants to join world is largest community of testers
| Register | [Erika open up [Erika opens the Join to day academy page], Erika login [Erika clicks on button that shows us the form to login]]
[Test worker] WARN net.thucydides.core.steps.BaseStepListener - stepStarted: net.thucydides.core.steps.ExecutedStepDescription@643abdb
[Test worker] WARN net.thucydides.core.steps.BaseStepListener - stepStarted: net.thucydides.core.steps.ExecutedStepDescription@27cc3f07
[Test worker] WARN net.thucydides.core.steps.BaseStepListener - stepStarted: net.thucydides.core.steps.ExecutedStepDescription@6aafc32
[Test worker] WARN net.thucydides.core.steps.BaseStepListener - stepFinished: current outcome:Search for register:Given than erika wants to join world is largest community of testers
| Register | [Erika open up [Erika opens the Join to day academy page], Erika login [Erika clicks on button that shows us the form to login]], When She wants to register her data in the registration form
| strName | strLastName | strEmail | strPassword | strConfirm |
| Isabel | Caita Avila | eicaita@misena.edu.co | hd5df4HrPi5oMdiExWUoZy | hd5df4HrPi5oMdiExWUoZy | [Erika search [Erika enters 'Isabel' into were do we write the user]]
[Test worker] WARN net.thucydides.core.steps.BaseStepListener - stepStarted: net.thucydides.core.steps.ExecutedStepDescription@75cff774
[Test worker] WARN net.thucydides.core.steps.BaseStepListener - stepFinished: current outcome:Search for register:Given than erika wants to join world is largest community of testers
| Register | [Erika open up [Erika opens the Join to day academy page], Erika login [Erika clicks on button that shows us the form to login]], When She wants to register her data in the registration form
| strName | strLastName | strEmail | strPassword | strConfirm |
| Isabel | Caita Avila | eicaita@misena.edu.co | hd5df4HrPi5oMdiExWUoZy | hd5df4HrPi5oMdiExWUoZy | [Erika search [Erika enters 'Isabel' into were do we write the user, Erika enters 'Caita Avila' into were do we write the password]]
[Test worker] WARN net.thucydides.core.steps.BaseStepListener - stepStarted: net.thucydides.core.steps.ExecutedStepDescription@2727bc2e
[Test worker] WARN net.thucydides.core.steps.BaseStepListener - stepFinished: current outcome:Search for register:Given than erika wants to join world is largest community of testers
| Register | [Erika open up [Erika opens the Join to day academy page], Erika login [Erika clicks on button that shows us the form to login]], When She wants to register her data in the registration form
| strName | strLastName | strEmail | strPassword | strConfirm |
| Isabel | Caita Avila | eicaita@misena.edu.co | hd5df4HrPi5oMdiExWUoZy | hd5df4HrPi5oMdiExWUoZy | [Erika search [Erika enters 'Isabel' into were do we write the user, Erika enters 'Caita Avila' into were do we write the password, Erika enters 'eicaita@misena.edu.co' into were do we write the email]]
[Test worker] WARN net.thucydides.core.steps.BaseStepListener - stepStarted: net.thucydides.core.steps.ExecutedStepDescription@42707a5
[Test worker] WARN net.thucydides.core.steps.BaseStepListener - stepFinished: current outcome:Search for register:Given than erika wants to join world is largest community of testers
| Register | [Erika open up [Erika opens the Join to day academy page], Erika login [Erika clicks on button that shows us the form to login]], When She wants to register her data in the registration form
| strName | strLastName | strEmail | strPassword | strConfirm |
| Isabel | Caita Avila | eicaita@misena.edu.co | hd5df4HrPi5oMdiExWUoZy | hd5df4HrPi5oMdiExWUoZy | [Erika search [Erika enters 'Isabel' into were do we write the user, Erika enters 'Caita Avila' into were do we write the password, Erika enters 'eicaita@misena.edu.co' into were do we write the email, Erika clicks on select month]]
[Test worker] WARN net.thucydides.core.steps.BaseStepListener - stepStarted: net.thucydides.core.steps.ExecutedStepDescription@767d104a
[Test worker] WARN net.thucydides.core.steps.BaseStepListener - stepFinished: current outcome:Search for register:Given than erika wants to join world is largest community of testers
| Register | [Erika open up [Erika opens the Join to day academy page], Erika login [Erika clicks on button that shows us the form to login]], When She wants to register her data in the registration form
| strName | strLastName | strEmail | strPassword | strConfirm |
| Isabel | Caita Avila | eicaita@misena.edu.co | hd5df4HrPi5oMdiExWUoZy | hd5df4HrPi5oMdiExWUoZy | [Erika search [Erika enters 'Isabel' into were do we write the user, Erika enters 'Caita Avila' into were do we write the password, Erika enters 'eicaita@misena.edu.co' into were do we write the email, Erika clicks on select month, Erika clicks on select day]]
[Test worker] WARN net.thucydides.core.steps.BaseStepListener - stepStarted: net.thucydides.core.steps.ExecutedStepDescription@7e27972f
[Test worker] WARN net.thucydides.core.steps.BaseStepListener - stepFinished: current outcome:Search for register:Given than erika wants to join world is largest community of testers
| Register | [Erika open up [Erika opens the Join to day academy page], Erika login [Erika clicks on button that shows us the form to login]], When She wants to register her data in the registration form
| strName | strLastName | strEmail | strPassword | strConfirm |
| Isabel | Caita Avila | eicaita@misena.edu.co | hd5df4HrPi5oMdiExWUoZy | hd5df4HrPi5oMdiExWUoZy | [Erika search [Erika enters 'Isabel' into were do we write the user, Erika enters 'Caita Avila' into were do we write the password, Erika enters 'eicaita@misena.edu.co' into were do we write the email, Erika clicks on select month, Erika clicks on select day, Erika clicks on select year]]
[Test worker] WARN net.thucydides.core.steps.BaseStepListener - stepStarted: net.thucydides.core.steps.ExecutedStepDescription@481bbdfd
[Test worker] WARN net.thucydides.core.steps.BaseStepListener - stepFinished: current outcome:Search for register:Given than erika wants to join world is largest community of testers
| Register | [Erika open up [Erika opens the Join to day academy page], Erika login [Erika clicks on button that shows us the form to login]], When She wants to register her data in the registration form
| strName | strLastName | strEmail | strPassword | strConfirm |
| Isabel | Caita Avila | eicaita@misena.edu.co | hd5df4HrPi5oMdiExWUoZy | hd5df4HrPi5oMdiExWUoZy | [Erika search [Erika enters 'Isabel' into were do we write the user, Erika enters 'Caita Avila' into were do we write the password, Erika enters 'eicaita@misena.edu.co' into were do we write the email, Erika clicks on select month, Erika clicks on select day, Erika clicks on select year, Erika clicks on click to next form]]
[Test worker] WARN net.thucydides.core.steps.BaseStepListener - stepStarted: net.thucydides.core.steps.ExecutedStepDescription@22358e69
[Test worker] WARN net.thucydides.core.steps.BaseStepListener - stepFinished: current outcome:Search for register:Given than erika wants to join world is largest community of testers
| Register | [Erika open up [Erika opens the Join to day academy page], Erika login [Erika clicks on button that shows us the form to login]], When She wants to register her data in the registration form
| strName | strLastName | strEmail | strPassword | strConfirm |
| Isabel | Caita Avila | eicaita@misena.edu.co | hd5df4HrPi5oMdiExWUoZy | hd5df4HrPi5oMdiExWUoZy | [Erika search [Erika enters 'Isabel' into were do we write the user, Erika enters 'Caita Avila' into were do we write the password, Erika enters 'eicaita@misena.edu.co' into were do we write the email, Erika clicks on select month, Erika clicks on select day, Erika clicks on select year, Erika clicks on click to next form, Erika clicks on select city]]
[Test worker] WARN net.thucydides.core.steps.BaseStepListener - stepStarted: net.thucydides.core.steps.ExecutedStepDescription@464b8d9a
[Test worker] WARN net.thucydides.core.steps.BaseStepListener - stepFinished: current outcome:Search for register:Given than erika wants to join world is largest community of testers
| Register | [Erika open up [Erika opens the Join to day academy page], Erika login [Erika clicks on button that shows us the form to login]], When She wants to register her data in the registration form
| strName | strLastName | strEmail | strPassword | strConfirm |
| Isabel | Caita Avila | eicaita@misena.edu.co | hd5df4HrPi5oMdiExWUoZy | hd5df4HrPi5oMdiExWUoZy | [Erika search [Erika enters 'Isabel' into were do we write the user, Erika enters 'Caita Avila' into were do we write the password, Erika enters 'eicaita@misena.edu.co' into were do we write the email, Erika clicks on select month, Erika clicks on select day, Erika clicks on select year, Erika clicks on click to next form, Erika clicks on select city, Erika clicks on select next form two]]
[Test worker] WARN net.thucydides.core.steps.BaseStepListener - stepStarted: net.thucydides.core.steps.ExecutedStepDescription@6d8351e8
[Test worker] WARN net.thucydides.core.steps.BaseStepListener - stepFinished: current outcome:Search for register:Given than erika wants to join world is largest community of testers
| Register | [Erika open up [Erika opens the Join to day academy page], Erika login [Erika clicks on button that shows us the form to login]], When She wants to register her data in the registration form
| strName | strLastName | strEmail | strPassword | strConfirm |
| Isabel | Caita Avila | eicaita@misena.edu.co | hd5df4HrPi5oMdiExWUoZy | hd5df4HrPi5oMdiExWUoZy | [Erika search [Erika enters 'Isabel' into were do we write the user, Erika enters 'Caita Avila' into were do we write the password, Erika enters 'eicaita@misena.edu.co' into were do we write the email, Erika clicks on select month, Erika clicks on select day, Erika clicks on select year, Erika clicks on click to next form, Erika clicks on select city, Erika clicks on select next form two, Erika clicks on select next form two]]
[Test worker] WARN net.thucydides.core.steps.BaseStepListener - stepStarted: net.thucydides.core.steps.ExecutedStepDescription@7dfe81b9
[Test worker] WARN net.thucydides.core.steps.BaseStepListener - stepFinished: current outcome:Search for register:Given than erika wants to join world is largest community of testers
| Register | [Erika open up [Erika opens the Join to day academy page], Erika login [Erika clicks on button that shows us the form to login]], When She wants to register her data in the registration form
| strName | strLastName | strEmail | strPassword | strConfirm |
| Isabel | Caita Avila | eicaita@misena.edu.co | hd5df4HrPi5oMdiExWUoZy | hd5df4HrPi5oMdiExWUoZy | [Erika search [Erika enters 'Isabel' into were do we write the user, Erika enters 'Caita Avila' into were do we write the password, Erika enters 'eicaita@misena.edu.co' into were do we write the email, Erika clicks on select month, Erika clicks on select day, Erika clicks on select year, Erika clicks on click to next form, Erika clicks on select city, Erika clicks on select next form two, Erika clicks on select next form two, Erika enters 'hd5df4HrPi5oMdiExWUoZy' into were do we write the password]]
[Test worker] WARN net.thucydides.core.steps.BaseStepListener - stepStarted: net.thucydides.core.steps.ExecutedStepDescription@4c3e09ee
[Test worker] WARN net.thucydides.core.steps.BaseStepListener - stepFinished: current outcome:Search for register:Given than erika wants to join world is largest community of testers
| Register | [Erika open up [Erika opens the Join to day academy page], Erika login [Erika clicks on button that shows us the form to login]], When She wants to register her data in the registration form
| strName | strLastName | strEmail | strPassword | strConfirm |
| Isabel | Caita Avila | eicaita@misena.edu.co | hd5df4HrPi5oMdiExWUoZy | hd5df4HrPi5oMdiExWUoZy | [Erika search [Erika enters 'Isabel' into were do we write the user, Erika enters 'Caita Avila' into were do we write the password, Erika enters 'eicaita@misena.edu.co' into were do we write the email, Erika clicks on select month, Erika clicks on select day, Erika clicks on select year, Erika clicks on click to next form, Erika clicks on select city, Erika clicks on select next form two, Erika clicks on select next form two, Erika enters 'hd5df4HrPi5oMdiExWUoZy' into were do we write the password, Erika enters 'hd5df4HrPi5oMdiExWUoZy' into were do we write the confirm password]]
[Test worker] WARN net.thucydides.core.steps.BaseStepListener - stepStarted: net.thucydides.core.steps.ExecutedStepDescription@1764ab53
[Test worker] WARN net.thucydides.core.steps.BaseStepListener - stepFinished: current outcome:Search for register:Given than erika wants to join world is largest community of testers
| Register | [Erika open up [Erika opens the Join to day academy page], Erika login [Erika clicks on button that shows us the form to login]], When She wants to register her data in the registration form
| strName | strLastName | strEmail | strPassword | strConfirm |
| Isabel | Caita Avila | eicaita@misena.edu.co | hd5df4HrPi5oMdiExWUoZy | hd5df4HrPi5oMdiExWUoZy | [Erika search [Erika enters 'Isabel' into were do we write the user, Erika enters 'Caita Avila' into were do we write the password, Erika enters 'eicaita@misena.edu.co' into were do we write the email, Erika clicks on select month, Erika clicks on select day, Erika clicks on select year, Erika clicks on click to next form, Erika clicks on select city, Erika clicks on select next form two, Erika clicks on select next form two, Erika enters 'hd5df4HrPi5oMdiExWUoZy' into were do we write the password, Erika enters 'hd5df4HrPi5oMdiExWUoZy' into were do we write the confirm password, Erika clicks on clic to accept conditions]]
[Test worker] WARN net.thucydides.core.steps.BaseStepListener - stepStarted: net.thucydides.core.steps.ExecutedStepDescription@692b397a
[Test worker] WARN net.thucydides.core.steps.BaseStepListener - stepFinished: current outcome:Search for register:Given than erika wants to join world is largest community of testers
| Register | [Erika open up [Erika opens the Join to day academy page], Erika login [Erika clicks on button that shows us the form to login]], When She wants to register her data in the registration form
| strName | strLastName | strEmail | strPassword | strConfirm |
| Isabel | Caita Avila | eicaita@misena.edu.co | hd5df4HrPi5oMdiExWUoZy | hd5df4HrPi5oMdiExWUoZy | [Erika search [Erika enters 'Isabel' into were do we write the user, Erika enters 'Caita Avila' into were do we write the password, Erika enters 'eicaita@misena.edu.co' into were do we write the email, Erika clicks on select month, Erika clicks on select day, Erika clicks on select year, Erika clicks on click to next form, Erika clicks on select city, Erika clicks on select next form two, Erika clicks on select next form two, Erika enters 'hd5df4HrPi5oMdiExWUoZy' into were do we write the password, Erika enters 'hd5df4HrPi5oMdiExWUoZy' into were do we write the confirm password, Erika clicks on clic to accept conditions, Erika clicks on clic to accept conditions]]
[Test worker] WARN net.thucydides.core.steps.BaseStepListener - stepStarted: net.thucydides.core.steps.ExecutedStepDescription@38bb4733
[Test worker] WARN net.thucydides.core.steps.BaseStepListener - stepFinished: current outcome:Search for register:Given than erika wants to join world is largest community of testers
| Register | [Erika open up [Erika opens the Join to day academy page], Erika login [Erika clicks on button that shows us the form to login]], When She wants to register her data in the registration form
| strName | strLastName | strEmail | strPassword | strConfirm |
| Isabel | Caita Avila | eicaita@misena.edu.co | hd5df4HrPi5oMdiExWUoZy | hd5df4HrPi5oMdiExWUoZy | [Erika search [Erika enters 'Isabel' into were do we write the user, Erika enters 'Caita Avila' into were do we write the password, Erika enters 'eicaita@misena.edu.co' into were do we write the email, Erika clicks on select month, Erika clicks on select day, Erika clicks on select year, Erika clicks on click to next form, Erika clicks on select city, Erika clicks on select next form two, Erika clicks on select next form two, Erika enters 'hd5df4HrPi5oMdiExWUoZy' into were do we write the password, Erika enters 'hd5df4HrPi5oMdiExWUoZy' into were do we write the confirm password, Erika clicks on clic to accept conditions, Erika clicks on clic to accept conditions, Erika clicks on clic to accept conditions]]
[Test worker] WARN net.thucydides.core.steps.BaseStepListener - stepStarted: net.thucydides.core.steps.ExecutedStepDescription@2609e61a
[Test worker] WARN net.thucydides.core.steps.BaseStepListener - stepFinished: current outcome:Search for register:Given than erika wants to join world is largest community of testers
| Register | [Erika open up [Erika opens the Join to day academy page], Erika login [Erika clicks on button that shows us the form to login]], When She wants to register her data in the registration form
| strName | strLastName | strEmail | strPassword | strConfirm |
| Isabel | Caita Avila | eicaita@misena.edu.co | hd5df4HrPi5oMdiExWUoZy | hd5df4HrPi5oMdiExWUoZy | [Erika search [Erika enters 'Isabel' into were do we write the user, Erika enters 'Caita Avila' into were do we write the password, Erika enters 'eicaita@misena.edu.co' into were do we write the email, Erika clicks on select month, Erika clicks on select day, Erika clicks on select year, Erika clicks on click to next form, Erika clicks on select city, Erika clicks on select next form two, Erika clicks on select next form two, Erika enters 'hd5df4HrPi5oMdiExWUoZy' into were do we write the password, Erika enters 'hd5df4HrPi5oMdiExWUoZy' into were do we write the confirm password, Erika clicks on clic to accept conditions, Erika clicks on clic to accept conditions, Erika clicks on clic to accept conditions, Erika clicks on select confirmation message]]
[Test worker] WARN net.thucydides.core.steps.BaseStepListener - stepStarted: net.thucydides.core.steps.ExecutedStepDescription@444b306a
[Test worker] WARN net.thucydides.core.steps.BaseStepListener - stepFinished: current outcome:Search for register:Given than erika wants to join world is largest community of testers
| Register | [Erika open up [Erika opens the Join to day academy page], Erika login [Erika clicks on button that shows us the form to login]], When She wants to register her data in the registration form
| strName | strLastName | strEmail | strPassword | strConfirm |
| Isabel | Caita Avila | eicaita@misena.edu.co | hd5df4HrPi5oMdiExWUoZy | hd5df4HrPi5oMdiExWUoZy | [Erika search [Erika enters 'Isabel' into were do we write the user, Erika enters 'Caita Avila' into were do we write the password, Erika enters 'eicaita@misena.edu.co' into were do we write the email, Erika clicks on select month, Erika clicks on select day, Erika clicks on select year, Erika clicks on click to next form, Erika clicks on select city, Erika clicks on select next form two, Erika clicks on select next form two, Erika enters 'hd5df4HrPi5oMdiExWUoZy' into were do we write the password, Erika enters 'hd5df4HrPi5oMdiExWUoZy' into were do we write the confirm password, Erika clicks on clic to accept conditions, Erika clicks on clic to accept conditions, Erika clicks on clic to accept conditions, Erika clicks on select confirmation message, Erika clicks on click to send form]]
[Test worker] WARN net.thucydides.core.steps.BaseStepListener - stepFinished: current outcome:Search for register:Given than erika wants to join world is largest community of testers
| Register | [Erika open up [Erika opens the Join to day academy page], Erika login [Erika clicks on button that shows us the form to login]], When She wants to register her data in the registration form
| strName | strLastName | strEmail | strPassword | strConfirm |
| Isabel | Caita Avila | eicaita@misena.edu.co | hd5df4HrPi5oMdiExWUoZy | hd5df4HrPi5oMdiExWUoZy | [Erika search [Erika enters 'Isabel' into were do we write the user, Erika enters 'Caita Avila' into were do we write the password, Erika enters 'eicaita@misena.edu.co' into were do we write the email, Erika clicks on select month, Erika clicks on select day, Erika clicks on select year, Erika clicks on click to next form, Erika clicks on select city, Erika clicks on select next form two, Erika clicks on select next form two, Erika enters 'hd5df4HrPi5oMdiExWUoZy' into were do we write the password, Erika enters 'hd5df4HrPi5oMdiExWUoZy' into were do we write the confirm password, Erika clicks on clic to accept conditions, Erika clicks on clic to accept conditions, Erika clicks on clic to accept conditions, Erika clicks on select confirmation message, Erika clicks on click to send form]]
[Test worker] WARN net.thucydides.core.steps.BaseStepListener - stepFinished: current outcome:Search for register:Given than erika wants to join world is largest community of testers
| Register | [Erika open up [Erika opens the Join to day academy page], Erika login [Erika clicks on button that shows us the form to login]], When She wants to register her data in the registration form
| strName | strLastName | strEmail | strPassword | strConfirm |
| Isabel | Caita Avila | eicaita@misena.edu.co | hd5df4HrPi5oMdiExWUoZy | hd5df4HrPi5oMdiExWUoZy | [Erika search [Erika enters 'Isabel' into were do we write the user, Erika enters 'Caita Avila' into were do we write the password, Erika enters 'eicaita@misena.edu.co' into were do we write the email, Erika clicks on select month, Erika clicks on select day, Erika clicks on select year, Erika clicks on click to next form, Erika clicks on select city, Erika clicks on select next form two, Erika clicks on select next form two, Erika enters 'hd5df4HrPi5oMdiExWUoZy' into were do we write the password, Erika enters 'hd5df4HrPi5oMdiExWUoZy' into were do we write the confirm password, Erika clicks on clic to accept conditions, Erika clicks on clic to accept conditions, Erika clicks on clic to accept conditions, Erika clicks on select confirmation message, Erika clicks on click to send form]]
[Test worker] WARN net.thucydides.core.steps.BaseStepListener - stepStarted: net.thucydides.core.steps.ExecutedStepDescription@243c1ab7
[Test worker] WARN net.thucydides.core.steps.BaseStepListener - stepStarted: net.thucydides.core.steps.ExecutedStepDescription@475fbc05
[Test worker] WARN net.thucydides.core.steps.BaseStepListener - stepFinished: current outcome:Search for register:Given than erika wants to join world is largest community of testers
| Register | [Erika open up [Erika opens the Join to day academy page], Erika login [Erika clicks on button that shows us the form to login]], When She wants to register her data in the registration form
| strName | strLastName | strEmail | strPassword | strConfirm |
| Isabel | Caita Avila | eicaita@misena.edu.co | hd5df4HrPi5oMdiExWUoZy | hd5df4HrPi5oMdiExWUoZy | [Erika search [Erika enters 'Isabel' into were do we write the user, Erika enters 'Caita Avila' into were do we write the password, Erika enters 'eicaita@misena.edu.co' into were do we write the email, Erika clicks on select month, Erika clicks on select day, Erika clicks on select year, Erika clicks on click to next form, Erika clicks on select city, Erika clicks on select next form two, Erika clicks on select next form two, Erika enters 'hd5df4HrPi5oMdiExWUoZy' into were do we write the password, Erika enters 'hd5df4HrPi5oMdiExWUoZy' into were do we write the confirm password, Erika clicks on clic to accept conditions, Erika clicks on clic to accept conditions, Erika clicks on clic to accept conditions, Erika clicks on select confirmation message, Erika clicks on click to send form]], Then to join the community
| strCommunity |
| The last step | [Then answer]
[Test worker] WARN net.thucydides.core.steps.BaseStepListener - stepFinished: current outcome:Search for register:Given than erika wants to join world is largest community of testers
| Register | [Erika open up [Erika opens the Join to day academy page], Erika login [Erika clicks on button that shows us the form to login]], When She wants to register her data in the registration form
| strName | strLastName | strEmail | strPassword | strConfirm |
| Isabel | Caita Avila | eicaita@misena.edu.co | hd5df4HrPi5oMdiExWUoZy | hd5df4HrPi5oMdiExWUoZy | [Erika search [Erika enters 'Isabel' into were do we write the user, Erika enters 'Caita Avila' into were do we write the password, Erika enters 'eicaita@misena.edu.co' into were do we write the email, Erika clicks on select month, Erika clicks on select day, Erika clicks on select year, Erika clicks on click to next form, Erika clicks on select city, Erika clicks on select next form two, Erika clicks on select next form two, Erika enters 'hd5df4HrPi5oMdiExWUoZy' into were do we write the password, Erika enters 'hd5df4HrPi5oMdiExWUoZy' into were do we write the confirm password, Erika clicks on clic to accept conditions, Erika clicks on clic to accept conditions, Erika clicks on clic to accept conditions, Erika clicks on select confirmation message, Erika clicks on click to send form]], Then to join the community
| strCommunity |
| The last step | [Then answer]
[Test worker] WARN net.thucydides.core.steps.BaseStepListener - testFinished: Search for register:Given than erika wants to join world is largest community of testers
| Register | [Erika open up [Erika opens the Join to day academy page], Erika login [Erika clicks on button that shows us the form to login]], When She wants to register her data in the registration form
| strName | strLastName | strEmail | strPassword | strConfirm |
| Isabel | Caita Avila | eicaita@misena.edu.co | hd5df4HrPi5oMdiExWUoZy | hd5df4HrPi5oMdiExWUoZy | [Erika search [Erika enters 'Isabel' into were do we write the user, Erika enters 'Caita Avila' into were do we write the password, Erika enters 'eicaita@misena.edu.co' into were do we write the email, Erika clicks on select month, Erika clicks on select day, Erika clicks on select year, Erika clicks on click to next form, Erika clicks on select city, Erika clicks on select next form two, Erika clicks on select next form two, Erika enters 'hd5df4HrPi5oMdiExWUoZy' into were do we write the password, Erika enters 'hd5df4HrPi5oMdiExWUoZy' into were do we write the confirm password, Erika clicks on clic to accept conditions, Erika clicks on clic to accept conditions, Erika clicks on clic to accept conditions, Erika clicks on select confirmation message, Erika clicks on click to send form]], Then to join the community
| strCommunity |
| The last step | [Then answer]
[Test worker] WARN net.thucydides.core.steps.BaseStepListener - TestOutcomes: [Search for register:Given than erika wants to join world is largest community of testers
| Register | [Erika open up [Erika opens the Join to day academy page], Erika login [Erika clicks on button that shows us the form to login]], When She wants to register her data in the registration form
| strName | strLastName | strEmail | strPassword | strConfirm |
| Isabel | Caita Avila | eicaita@misena.edu.co | hd5df4HrPi5oMdiExWUoZy | hd5df4HrPi5oMdiExWUoZy | [Erika search [Erika enters 'Isabel' into were do we write the user, Erika enters 'Caita Avila' into were do we write the password, Erika enters 'eicaita@misena.edu.co' into were do we write the email, Erika clicks on select month, Erika clicks on select day, Erika clicks on select year, Erika clicks on click to next form, Erika clicks on select city, Erika clicks on select next form two, Erika clicks on select next form two, Erika enters 'hd5df4HrPi5oMdiExWUoZy' into were do we write the password, Erika enters 'hd5df4HrPi5oMdiExWUoZy' into were do we write the confirm password, Erika clicks on clic to accept conditions, Erika clicks on clic to accept conditions, Erika clicks on clic to accept conditions, Erika clicks on select confirmation message, Erika clicks on click to send form]], Then to join the community
| strCommunity |
| The last step | [Then answer]]
[Test worker] WARN net.thucydides.core.steps.BaseStepListener - Final testOutcomes: [Search for register:Given than erika wants to join world is largest community of testers
| Register | [Erika open up [Erika opens the Join to day academy page], Erika login [Erika clicks on button that shows us the form to login]], When She wants to register her data in the registration form
| strName | strLastName | strEmail | strPassword | strConfirm |
| Isabel | Caita Avila | eicaita@misena.edu.co | hd5df4HrPi5oMdiExWUoZy | hd5df4HrPi5oMdiExWUoZy | [Erika search [Erika enters 'Isabel' into were do we write the user, Erika enters 'Caita Avila' into were do we write the password, Erika enters 'eicaita@misena.edu.co' into were do we write the email, Erika clicks on select month, Erika clicks on select day, Erika clicks on select year, Erika clicks on click to next form, Erika clicks on select city, Erika clicks on select next form two, Erika clicks on select next form two, Erika enters 'hd5df4HrPi5oMdiExWUoZy' into were do we write the password, Erika enters 'hd5df4HrPi5oMdiExWUoZy' into were do we write the confirm password, Erika clicks on clic to accept conditions, Erika clicks on clic to accept conditions, Erika clicks on clic to accept conditions, Erika clicks on select confirmation message, Erika clicks on click to send form]], Then to join the community
| strCommunity |
| The last step | [Then answer]]
[Test worker] INFO net.thucydides.core.steps.ConsoleLoggingListener - 
        __    _____ _____ ____ _____   ____   _    ____  ____  _____ ____  
  _     \ \  |_   _| ____/ ___|_   _| |  _ \ / \  / ___|/ ___|| ____|  _ \ 
 (_)_____| |   | | |  _| \___ \ | |   | |_) / _ \ \___ \\___ \|  _| | | | |
  _|_____| |   | | | |___ ___) || |   |  __/ ___ \ ___) |___) | |___| |_| |
 (_)     | |   |_| |_____|____/ |_|   |_| /_/   \_\____/|____/|_____|____/ 
        /_/                                                                

TEST PASSED: Search for register
----------------------------------------------------------------------------
]]></system-err>
</testsuite>
